NotePad-master/app/build/intermediates/manifest_merge_blame_file/debug/manifest-merger-blame-debug-report.txt
1<?xml version="1.0" encoding="utf-8"?>
2<!--
3 Copyright (C) 2007 The Android Open Source Project
4
5     Licensed under the Apache License, Version 2.0 (the "License");
6     you may not use this file except in compliance with the License.
7     You may obtain a copy of the License at
8
9          http://www.apache.org/licenses/LICENSE-2.0
10
11     Unless required by applicable law or agreed to in writing, software
12     distributed under the License is distributed on an "AS IS" BASIS,
13     WITHOUT WARRANTIES OR CONDITIONS OF ANY KIND, either express or implied.
14     See the License for the specific language governing permissions and
15     limitations under the License.
16-->
17<!--
18 Declare the contents of this Android application.  The namespace
19     attribute brings in the Android platform namespace, and the package
20     supplies a unique name for the application.  When writing your
21     own application, the package name must be changed from "com.example.*"
22     to come from a domain that you own or have control over.
23-->
24<manifest xmlns:android="http://schemas.android.com/apk/res/android"
25    package="com.example.myapplication"
26    android:versionCode="1"
27    android:versionName="1.0" >
28
29    <uses-sdk
30        android:minSdkVersion="15"
30-->src\main\AndroidManifest.xml
31        android:targetSdkVersion="27" />
31-->src\main\AndroidManifest.xml
32
33    <application
33-->src\main\AndroidManifest.xml:25:5-116:19
34        android:appComponentFactory="androidx.core.app.CoreComponentFactory"
34-->[androidx.core:core:1.0.1] AndroidManifest.xml:22:18-86
35        android:debuggable="true"
36        android:icon="@drawable/app_notes"
36-->src\main\AndroidManifest.xml:25:18-52
37        android:label="@string/app_name"
37-->src\main\AndroidManifest.xml:26:9-41
38        android:testOnly="true" >
39        <provider
39-->src\main\AndroidManifest.xml:28:9-32:20
40            android:name="com.example.android.notepad.NotePadProvider"
40-->src\main\AndroidManifest.xml:28:19-49
41            android:authorities="com.google.provider.NotePad"
41-->src\main\AndroidManifest.xml:29:13-62
42            android:exported="false" >
42-->src\main\AndroidManifest.xml:30:13-37
43            <grant-uri-permission android:pathPattern=".*" />
43-->src\main\AndroidManifest.xml:31:13-62
43-->src\main\AndroidManifest.xml:31:35-59
44        </provider>
45
46        <activity
46-->src\main\AndroidManifest.xml:34:9-51:20
47            android:name="com.example.android.notepad.NotesList"
47-->src\main\AndroidManifest.xml:34:19-43
48            android:label="@string/title_notes_list" >
48-->src\main\AndroidManifest.xml:34:44-84
49            <intent-filter>
49-->src\main\AndroidManifest.xml:35:13-38:29
50                <action android:name="android.intent.action.MAIN" />
50-->src\main\AndroidManifest.xml:36:17-69
50-->src\main\AndroidManifest.xml:36:25-66
51
52                <category android:name="android.intent.category.LAUNCHER" />
52-->src\main\AndroidManifest.xml:37:17-77
52-->src\main\AndroidManifest.xml:37:27-74
53            </intent-filter>
54            <intent-filter>
54-->src\main\AndroidManifest.xml:39:13-45:29
55                <action android:name="android.intent.action.VIEW" />
55-->src\main\AndroidManifest.xml:40:17-69
55-->src\main\AndroidManifest.xml:40:25-66
56                <action android:name="android.intent.action.EDIT" />
56-->src\main\AndroidManifest.xml:41:17-69
56-->src\main\AndroidManifest.xml:41:25-66
57                <action android:name="android.intent.action.PICK" />
57-->src\main\AndroidManifest.xml:42:17-69
57-->src\main\AndroidManifest.xml:42:25-66
58
59                <category android:name="android.intent.category.DEFAULT" />
59-->src\main\AndroidManifest.xml:43:17-76
59-->src\main\AndroidManifest.xml:43:27-73
60
61                <data android:mimeType="vnd.android.cursor.dir/vnd.google.note" />
61-->src\main\AndroidManifest.xml:44:17-83
61-->src\main\AndroidManifest.xml:44:23-80
62            </intent-filter>
63            <intent-filter>
63-->src\main\AndroidManifest.xml:46:13-50:29
64                <action android:name="android.intent.action.GET_CONTENT" />
64-->src\main\AndroidManifest.xml:47:17-76
64-->src\main\AndroidManifest.xml:47:25-73
65
66                <category android:name="android.intent.category.DEFAULT" />
66-->src\main\AndroidManifest.xml:43:17-76
66-->src\main\AndroidManifest.xml:43:27-73
67
68                <data android:mimeType="vnd.android.cursor.item/vnd.google.note" />
68-->src\main\AndroidManifest.xml:44:17-83
68-->src\main\AndroidManifest.xml:44:23-80
69            </intent-filter>
70        </activity>
71        <activity
71-->src\main\AndroidManifest.xml:53:9-79:20
72            android:name="com.example.android.notepad.NoteEditor"
72-->src\main\AndroidManifest.xml:53:19-44
73            android:configChanges="keyboardHidden|orientation"
73-->src\main\AndroidManifest.xml:56:13-63
74            android:screenOrientation="sensor"
74-->src\main\AndroidManifest.xml:55:13-47
75            android:theme="@android:style/Theme.Holo.Light" >
75-->src\main\AndroidManifest.xml:54:13-60
76
77            <!--
78                 This filter says that we can view or edit the data of
79                 a single note
80            -->
81            <intent-filter android:label="@string/resolve_edit" >
81-->src\main\AndroidManifest.xml:60:13-66:29
81-->src\main\AndroidManifest.xml:60:28-64
82                <action android:name="android.intent.action.VIEW" />
82-->src\main\AndroidManifest.xml:40:17-69
82-->src\main\AndroidManifest.xml:40:25-66
83                <action android:name="android.intent.action.EDIT" />
83-->src\main\AndroidManifest.xml:41:17-69
83-->src\main\AndroidManifest.xml:41:25-66
84                <action android:name="com.android.notepad.action.EDIT_NOTE" />
84-->src\main\AndroidManifest.xml:63:17-79
84-->src\main\AndroidManifest.xml:63:25-76
85
86                <category android:name="android.intent.category.DEFAULT" />
86-->src\main\AndroidManifest.xml:43:17-76
86-->src\main\AndroidManifest.xml:43:27-73
87
88                <data android:mimeType="vnd.android.cursor.item/vnd.google.note" />
88-->src\main\AndroidManifest.xml:44:17-83
88-->src\main\AndroidManifest.xml:44:23-80
89            </intent-filter>
90
91            <!--
92                 This filter says that we can create a new note inside
93                 of a directory of notes.  The INSERT action creates an
94                 empty note; the PASTE action initializes a new note from
95                 the current contents of the clipboard.
96            -->
97            <intent-filter>
97-->src\main\AndroidManifest.xml:72:13-77:29
98                <action android:name="android.intent.action.INSERT" />
98-->src\main\AndroidManifest.xml:73:17-71
98-->src\main\AndroidManifest.xml:73:25-68
99                <action android:name="android.intent.action.PASTE" />
99-->src\main\AndroidManifest.xml:74:17-70
99-->src\main\AndroidManifest.xml:74:25-67
100
101                <category android:name="android.intent.category.DEFAULT" />
101-->src\main\AndroidManifest.xml:43:17-76
101-->src\main\AndroidManifest.xml:43:27-73
102
103                <data android:mimeType="vnd.android.cursor.dir/vnd.google.note" />
103-->src\main\AndroidManifest.xml:44:17-83
103-->src\main\AndroidManifest.xml:44:23-80
104            </intent-filter>
105        </activity>
106        <activity
106-->src\main\AndroidManifest.xml:81:9-106:20
107            android:name="com.example.android.notepad.TitleEditor"
107-->src\main\AndroidManifest.xml:81:19-45
108            android:icon="@drawable/ic_menu_edit"
108-->src\main\AndroidManifest.xml:83:13-50
109            android:label="@string/title_edit_title"
109-->src\main\AndroidManifest.xml:82:13-53
110            android:theme="@android:style/Theme.Holo.Dialog"
110-->src\main\AndroidManifest.xml:84:13-61
111            android:windowSoftInputMode="stateVisible" >
111-->src\main\AndroidManifest.xml:85:13-55
112
113            <!--
114                 This activity implements an alternative action that can be
115                 performed on notes: editing their title.  It can be used as
116                 a default operation if the user invokes this action, and is
117                 available as an alternative action for any note data.
118            -->
119            <intent-filter android:label="@string/resolve_title" >
119-->src\main\AndroidManifest.xml:90:13-105:29
119-->src\main\AndroidManifest.xml:90:28-65
120
121                <!--
122                     This is the action we perform.  It is a custom action we
123                     define for our application, not a generic VIEW or EDIT
124                     action since we are not a general note viewer/editor.
125                -->
126                <action android:name="com.android.notepad.action.EDIT_TITLE" />
126-->src\main\AndroidManifest.xml:94:17-80
126-->src\main\AndroidManifest.xml:94:25-77
127                <!-- DEFAULT: execute if being directly invoked. -->
128                <category android:name="android.intent.category.DEFAULT" />
128-->src\main\AndroidManifest.xml:43:17-76
128-->src\main\AndroidManifest.xml:43:27-73
129                <!--
130                     ALTERNATIVE: show as an alternative action when the user is
131                     working with this type of data.
132                -->
133                <category android:name="android.intent.category.ALTERNATIVE" />
133-->src\main\AndroidManifest.xml:99:17-80
133-->src\main\AndroidManifest.xml:99:27-77
134                <!--
135                     SELECTED_ALTERNATIVE: show as an alternative action the user
136                     can perform when selecting this type of data.
137                -->
138                <category android:name="android.intent.category.SELECTED_ALTERNATIVE" />
138-->src\main\AndroidManifest.xml:102:17-89
138-->src\main\AndroidManifest.xml:102:27-86
139                <!-- This is the data type we operate on. -->
140                <data android:mimeType="vnd.android.cursor.item/vnd.google.note" />
140-->src\main\AndroidManifest.xml:44:17-83
140-->src\main\AndroidManifest.xml:44:23-80
141            </intent-filter>
142        </activity>
143        <activity
143-->src\main\AndroidManifest.xml:108:9-114:20
144            android:name="com.example.android.notepad.NotesLiveFolder"
144-->src\main\AndroidManifest.xml:108:19-49
145            android:icon="@drawable/live_folder_notes"
145-->src\main\AndroidManifest.xml:109:13-55
146            android:label="@string/live_folder_name" >
146-->src\main\AndroidManifest.xml:108:50-90
147            <intent-filter>
147-->src\main\AndroidManifest.xml:110:13-113:29
148                <action android:name="android.intent.action.CREATE_LIVE_FOLDER" />
148-->src\main\AndroidManifest.xml:111:17-83
148-->src\main\AndroidManifest.xml:111:25-80
149
150                <category android:name="android.intent.category.DEFAULT" />
150-->src\main\AndroidManifest.xml:43:17-76
150-->src\main\AndroidManifest.xml:43:27-73
151            </intent-filter>
152        </activity>
153    </application>
154
155</manifest>